#! /c/Source/iverilog-install/bin/vvp
:ivl_version "12.0 (devel)" "(s20150603-1539-g2693dd32b)";
:ivl_delay_selection "TYPICAL";
:vpi_time_precision - 12;
:vpi_module "C:\iverilog\lib\ivl\system.vpi";
:vpi_module "C:\iverilog\lib\ivl\vhdl_sys.vpi";
:vpi_module "C:\iverilog\lib\ivl\vhdl_textio.vpi";
:vpi_module "C:\iverilog\lib\ivl\v2005_math.vpi";
:vpi_module "C:\iverilog\lib\ivl\va_math.vpi";
S_0000017f774bd630 .scope module, "adder_8_bit_tb" "adder_8_bit_tb" 2 3;
 .timescale -9 -12;
v0000017f775753c0_0 .var "a", 7 0;
v0000017f775749c0_0 .var "b", 7 0;
v0000017f77575500_0 .var/i "errors", 31 0;
v0000017f775756e0_0 .net "sum", 7 0, L_0000017f77579080;  1 drivers
S_0000017f774bd7c0 .scope module, "adder_8_bit1" "eightbit_adder" 2 8, 3 28 0, S_0000017f774bd630;
 .timescale -9 -12;
    .port_info 0 /INPUT 8 "A";
    .port_info 1 /INPUT 8 "B";
    .port_info 2 /OUTPUT 8 "S";
v0000017f775746a0_0 .net "A", 7 0, v0000017f775753c0_0;  1 drivers
v0000017f77575460_0 .net "B", 7 0, v0000017f775749c0_0;  1 drivers
v0000017f77575000_0 .net "S", 7 0, L_0000017f77579080;  alias, 1 drivers
o0000017f7751ddf8 .functor BUFZ 1, C4<z>; HiZ drive
; Elide local net with no drivers, v0000017f77574740_0 name=_ivl_81
v0000017f775750a0_0 .net "carry", 7 0, L_0000017f77574920;  1 drivers
v0000017f775760e0_0 .net "carry_out", 7 0, L_0000017f7757a700;  1 drivers
L_0000017f77574880 .part v0000017f775753c0_0, 0, 1;
L_0000017f775747e0 .part v0000017f775749c0_0, 0, 1;
L_0000017f77574920 .part/pv L_0000017f77503320, 0, 1, 8;
L_0000017f77575960 .part L_0000017f77574920, 0, 1;
L_0000017f77575dc0 .part v0000017f775753c0_0, 1, 1;
L_0000017f77575e60 .part v0000017f775749c0_0, 1, 1;
L_0000017f77574a60 .part L_0000017f7757a700, 1, 1;
L_0000017f77574b00 .part v0000017f775753c0_0, 2, 1;
L_0000017f7757a3e0 .part v0000017f775749c0_0, 2, 1;
L_0000017f77578fe0 .part L_0000017f7757a700, 2, 1;
L_0000017f77578ae0 .part v0000017f775753c0_0, 3, 1;
L_0000017f775794e0 .part v0000017f775749c0_0, 3, 1;
L_0000017f77579b20 .part L_0000017f7757a700, 3, 1;
L_0000017f77579da0 .part v0000017f775753c0_0, 4, 1;
L_0000017f7757a2a0 .part v0000017f775749c0_0, 4, 1;
L_0000017f77579580 .part L_0000017f7757a700, 4, 1;
L_0000017f7757a660 .part v0000017f775753c0_0, 5, 1;
L_0000017f77578a40 .part v0000017f775749c0_0, 5, 1;
L_0000017f77578900 .part L_0000017f7757a700, 5, 1;
L_0000017f775798a0 .part v0000017f775753c0_0, 6, 1;
L_0000017f77579d00 .part v0000017f775749c0_0, 6, 1;
L_0000017f77578d60 .part L_0000017f7757a700, 6, 1;
LS_0000017f77579080_0_0 .concat8 [ 1 1 1 1], L_0000017f77502d00, L_0000017f775026e0, L_0000017f77577960, L_0000017f77578220;
LS_0000017f77579080_0_4 .concat8 [ 1 1 1 1], L_0000017f77577a40, L_0000017f77577dc0, L_0000017f775779d0, L_0000017f77578060;
L_0000017f77579080 .concat8 [ 4 4 0 0], LS_0000017f77579080_0_0, LS_0000017f77579080_0_4;
L_0000017f7757a200 .part v0000017f775753c0_0, 7, 1;
L_0000017f77579120 .part v0000017f775749c0_0, 7, 1;
LS_0000017f7757a700_0_0 .concat [ 1 1 1 1], o0000017f7751ddf8, L_0000017f77502750, L_0000017f77577b20, L_0000017f77577d50;
LS_0000017f7757a700_0_4 .concat [ 1 1 1 1], L_0000017f77577b90, L_0000017f775778f0, L_0000017f77577ea0, L_0000017f775780d0;
L_0000017f7757a700 .concat [ 4 4 0 0], LS_0000017f7757a700_0_0, LS_0000017f7757a700_0_4;
S_0000017f7750cfb0 .scope module, "FA_1" "Full_Adder" 3 44, 4 25 0, S_0000017f774bd7c0;
 .timescale -9 -12;
    .port_info 0 /INPUT 1 "C_I";
    .port_info 1 /OUTPUT 1 "S_O";
    .port_info 2 /INPUT 1 "A_I";
    .port_info 3 /OUTPUT 1 "C_O";
    .port_info 4 /INPUT 1 "B_I";
L_0000017f77502bb0 .functor XOR 1, L_0000017f77575dc0, L_0000017f77575e60, C4<0>, C4<0>;
L_0000017f77502980 .functor AND 1, L_0000017f77575dc0, L_0000017f77575e60, C4<1>, C4<1>;
L_0000017f77502c20 .functor AND 1, L_0000017f77502bb0, L_0000017f77575960, C4<1>, C4<1>;
L_0000017f775026e0 .functor XOR 1, L_0000017f77502bb0, L_0000017f77575960, C4<0>, C4<0>;
L_0000017f77502750 .functor OR 1, L_0000017f77502980, L_0000017f77502c20, C4<0>, C4<0>;
v0000017f77515a40_0 .net "A_I", 0 0, L_0000017f77575dc0;  1 drivers
v0000017f77516080_0 .net "B_I", 0 0, L_0000017f77575e60;  1 drivers
v0000017f77515900_0 .net "C_I", 0 0, L_0000017f77575960;  1 drivers
v0000017f77515540_0 .net "C_O", 0 0, L_0000017f77502750;  1 drivers
v0000017f775143c0_0 .net "S_O", 0 0, L_0000017f775026e0;  1 drivers
v0000017f77515ea0_0 .net "w1", 0 0, L_0000017f77502bb0;  1 drivers
v0000017f77515f40_0 .net "w2", 0 0, L_0000017f77502980;  1 drivers
v0000017f77514460_0 .net "w3", 0 0, L_0000017f77502c20;  1 drivers
S_0000017f7750d140 .scope module, "FA_2" "Full_Adder" 3 52, 4 25 0, S_0000017f774bd7c0;
 .timescale -9 -12;
    .port_info 0 /INPUT 1 "C_I";
    .port_info 1 /OUTPUT 1 "S_O";
    .port_info 2 /INPUT 1 "A_I";
    .port_info 3 /OUTPUT 1 "C_O";
    .port_info 4 /INPUT 1 "B_I";
L_0000017f775029f0 .functor XOR 1, L_0000017f77574b00, L_0000017f7757a3e0, C4<0>, C4<0>;
L_0000017f77502d70 .functor AND 1, L_0000017f77574b00, L_0000017f7757a3e0, C4<1>, C4<1>;
L_0000017f77502de0 .functor AND 1, L_0000017f775029f0, L_0000017f77574a60, C4<1>, C4<1>;
L_0000017f77577960 .functor XOR 1, L_0000017f775029f0, L_0000017f77574a60, C4<0>, C4<0>;
L_0000017f77577b20 .functor OR 1, L_0000017f77502d70, L_0000017f77502de0, C4<0>, C4<0>;
v0000017f775145a0_0 .net "A_I", 0 0, L_0000017f77574b00;  1 drivers
v0000017f775150e0_0 .net "B_I", 0 0, L_0000017f7757a3e0;  1 drivers
v0000017f77514640_0 .net "C_I", 0 0, L_0000017f77574a60;  1 drivers
v0000017f775146e0_0 .net "C_O", 0 0, L_0000017f77577b20;  1 drivers
v0000017f77514e60_0 .net "S_O", 0 0, L_0000017f77577960;  1 drivers
v0000017f77514f00_0 .net "w1", 0 0, L_0000017f775029f0;  1 drivers
v0000017f77515b80_0 .net "w2", 0 0, L_0000017f77502d70;  1 drivers
v0000017f77514fa0_0 .net "w3", 0 0, L_0000017f77502de0;  1 drivers
S_0000017f774d2590 .scope module, "FA_3" "Full_Adder" 3 60, 4 25 0, S_0000017f774bd7c0;
 .timescale -9 -12;
    .port_info 0 /INPUT 1 "C_I";
    .port_info 1 /OUTPUT 1 "S_O";
    .port_info 2 /INPUT 1 "A_I";
    .port_info 3 /OUTPUT 1 "C_O";
    .port_info 4 /INPUT 1 "B_I";
L_0000017f77577ce0 .functor XOR 1, L_0000017f77578ae0, L_0000017f775794e0, C4<0>, C4<0>;
L_0000017f77577ff0 .functor AND 1, L_0000017f77578ae0, L_0000017f775794e0, C4<1>, C4<1>;
L_0000017f775787d0 .functor AND 1, L_0000017f77577ce0, L_0000017f77578fe0, C4<1>, C4<1>;
L_0000017f77578220 .functor XOR 1, L_0000017f77577ce0, L_0000017f77578fe0, C4<0>, C4<0>;
L_0000017f77577d50 .functor OR 1, L_0000017f77577ff0, L_0000017f775787d0, C4<0>, C4<0>;
v0000017f77515680_0 .net "A_I", 0 0, L_0000017f77578ae0;  1 drivers
v0000017f77515180_0 .net "B_I", 0 0, L_0000017f775794e0;  1 drivers
v0000017f77514780_0 .net "C_I", 0 0, L_0000017f77578fe0;  1 drivers
v0000017f77514820_0 .net "C_O", 0 0, L_0000017f77577d50;  1 drivers
v0000017f77515040_0 .net "S_O", 0 0, L_0000017f77578220;  1 drivers
v0000017f77515c20_0 .net "w1", 0 0, L_0000017f77577ce0;  1 drivers
v0000017f77515220_0 .net "w2", 0 0, L_0000017f77577ff0;  1 drivers
v0000017f77515400_0 .net "w3", 0 0, L_0000017f775787d0;  1 drivers
S_0000017f774d2720 .scope module, "FA_4" "Full_Adder" 3 68, 4 25 0, S_0000017f774bd7c0;
 .timescale -9 -12;
    .port_info 0 /INPUT 1 "C_I";
    .port_info 1 /OUTPUT 1 "S_O";
    .port_info 2 /INPUT 1 "A_I";
    .port_info 3 /OUTPUT 1 "C_O";
    .port_info 4 /INPUT 1 "B_I";
L_0000017f77578530 .functor XOR 1, L_0000017f77579da0, L_0000017f7757a2a0, C4<0>, C4<0>;
L_0000017f77577f80 .functor AND 1, L_0000017f77579da0, L_0000017f7757a2a0, C4<1>, C4<1>;
L_0000017f77577c70 .functor AND 1, L_0000017f77578530, L_0000017f77579b20, C4<1>, C4<1>;
L_0000017f77577a40 .functor XOR 1, L_0000017f77578530, L_0000017f77579b20, C4<0>, C4<0>;
L_0000017f77577b90 .functor OR 1, L_0000017f77577f80, L_0000017f77577c70, C4<0>, C4<0>;
v0000017f77502100_0 .net "A_I", 0 0, L_0000017f77579da0;  1 drivers
v0000017f77501d40_0 .net "B_I", 0 0, L_0000017f7757a2a0;  1 drivers
v0000017f77501de0_0 .net "C_I", 0 0, L_0000017f77579b20;  1 drivers
v0000017f77502420_0 .net "C_O", 0 0, L_0000017f77577b90;  1 drivers
v0000017f77575820_0 .net "S_O", 0 0, L_0000017f77577a40;  1 drivers
v0000017f77574ce0_0 .net "w1", 0 0, L_0000017f77578530;  1 drivers
v0000017f77574ba0_0 .net "w2", 0 0, L_0000017f77577f80;  1 drivers
v0000017f77574420_0 .net "w3", 0 0, L_0000017f77577c70;  1 drivers
S_0000017f774d28b0 .scope module, "FA_5" "Full_Adder" 3 76, 4 25 0, S_0000017f774bd7c0;
 .timescale -9 -12;
    .port_info 0 /INPUT 1 "C_I";
    .port_info 1 /OUTPUT 1 "S_O";
    .port_info 2 /INPUT 1 "A_I";
    .port_info 3 /OUTPUT 1 "C_O";
    .port_info 4 /INPUT 1 "B_I";
L_0000017f77577c00 .functor XOR 1, L_0000017f7757a660, L_0000017f77578a40, C4<0>, C4<0>;
L_0000017f775785a0 .functor AND 1, L_0000017f7757a660, L_0000017f77578a40, C4<1>, C4<1>;
L_0000017f77578610 .functor AND 1, L_0000017f77577c00, L_0000017f77579580, C4<1>, C4<1>;
L_0000017f77577dc0 .functor XOR 1, L_0000017f77577c00, L_0000017f77579580, C4<0>, C4<0>;
L_0000017f775778f0 .functor OR 1, L_0000017f775785a0, L_0000017f77578610, C4<0>, C4<0>;
v0000017f77576040_0 .net "A_I", 0 0, L_0000017f7757a660;  1 drivers
v0000017f77575140_0 .net "B_I", 0 0, L_0000017f77578a40;  1 drivers
v0000017f775751e0_0 .net "C_I", 0 0, L_0000017f77579580;  1 drivers
v0000017f77575a00_0 .net "C_O", 0 0, L_0000017f775778f0;  1 drivers
v0000017f775744c0_0 .net "S_O", 0 0, L_0000017f77577dc0;  1 drivers
v0000017f77574ec0_0 .net "w1", 0 0, L_0000017f77577c00;  1 drivers
v0000017f77575be0_0 .net "w2", 0 0, L_0000017f775785a0;  1 drivers
v0000017f77575780_0 .net "w3", 0 0, L_0000017f77578610;  1 drivers
S_0000017f775763e0 .scope module, "FA_6" "Full_Adder" 3 84, 4 25 0, S_0000017f774bd7c0;
 .timescale -9 -12;
    .port_info 0 /INPUT 1 "C_I";
    .port_info 1 /OUTPUT 1 "S_O";
    .port_info 2 /INPUT 1 "A_I";
    .port_info 3 /OUTPUT 1 "C_O";
    .port_info 4 /INPUT 1 "B_I";
L_0000017f77577ab0 .functor XOR 1, L_0000017f775798a0, L_0000017f77579d00, C4<0>, C4<0>;
L_0000017f77578760 .functor AND 1, L_0000017f775798a0, L_0000017f77579d00, C4<1>, C4<1>;
L_0000017f77577e30 .functor AND 1, L_0000017f77577ab0, L_0000017f77578900, C4<1>, C4<1>;
L_0000017f775779d0 .functor XOR 1, L_0000017f77577ab0, L_0000017f77578900, C4<0>, C4<0>;
L_0000017f77577ea0 .functor OR 1, L_0000017f77578760, L_0000017f77577e30, C4<0>, C4<0>;
v0000017f77575280_0 .net "A_I", 0 0, L_0000017f775798a0;  1 drivers
v0000017f77575aa0_0 .net "B_I", 0 0, L_0000017f77579d00;  1 drivers
v0000017f77575b40_0 .net "C_I", 0 0, L_0000017f77578900;  1 drivers
v0000017f77575640_0 .net "C_O", 0 0, L_0000017f77577ea0;  1 drivers
v0000017f77574c40_0 .net "S_O", 0 0, L_0000017f775779d0;  1 drivers
v0000017f77576180_0 .net "w1", 0 0, L_0000017f77577ab0;  1 drivers
v0000017f77576220_0 .net "w2", 0 0, L_0000017f77578760;  1 drivers
v0000017f77574560_0 .net "w3", 0 0, L_0000017f77577e30;  1 drivers
S_0000017f77576570 .scope module, "FA_7" "Full_Adder" 3 92, 4 25 0, S_0000017f774bd7c0;
 .timescale -9 -12;
    .port_info 0 /INPUT 1 "C_I";
    .port_info 1 /OUTPUT 1 "S_O";
    .port_info 2 /INPUT 1 "A_I";
    .port_info 3 /OUTPUT 1 "C_O";
    .port_info 4 /INPUT 1 "B_I";
L_0000017f77577f10 .functor XOR 1, L_0000017f7757a200, L_0000017f77579120, C4<0>, C4<0>;
L_0000017f775781b0 .functor AND 1, L_0000017f7757a200, L_0000017f77579120, C4<1>, C4<1>;
L_0000017f775786f0 .functor AND 1, L_0000017f77577f10, L_0000017f77578d60, C4<1>, C4<1>;
L_0000017f77578060 .functor XOR 1, L_0000017f77577f10, L_0000017f77578d60, C4<0>, C4<0>;
L_0000017f775780d0 .functor OR 1, L_0000017f775781b0, L_0000017f775786f0, C4<0>, C4<0>;
v0000017f775762c0_0 .net "A_I", 0 0, L_0000017f7757a200;  1 drivers
v0000017f775755a0_0 .net "B_I", 0 0, L_0000017f77579120;  1 drivers
v0000017f77575c80_0 .net "C_I", 0 0, L_0000017f77578d60;  1 drivers
v0000017f77575f00_0 .net "C_O", 0 0, L_0000017f775780d0;  1 drivers
v0000017f77575fa0_0 .net "S_O", 0 0, L_0000017f77578060;  1 drivers
v0000017f77575320_0 .net "w1", 0 0, L_0000017f77577f10;  1 drivers
v0000017f77575d20_0 .net "w2", 0 0, L_0000017f775781b0;  1 drivers
v0000017f77574d80_0 .net "w3", 0 0, L_0000017f775786f0;  1 drivers
S_0000017f77576700 .scope module, "ha_instance_0" "Half_Adder" 3 37, 5 25 0, S_0000017f774bd7c0;
 .timescale -9 -12;
    .port_info 0 /INPUT 1 "A_0";
    .port_info 1 /INPUT 1 "B_0";
    .port_info 2 /OUTPUT 1 "S_0";
    .port_info 3 /OUTPUT 1 "C_0";
L_0000017f77503320 .functor AND 1, L_0000017f77574880, L_0000017f775747e0, C4<1>, C4<1>;
L_0000017f77502d00 .functor XOR 1, L_0000017f77574880, L_0000017f775747e0, C4<0>, C4<0>;
v0000017f77574600_0 .net "A_0", 0 0, L_0000017f77574880;  1 drivers
v0000017f77574e20_0 .net "B_0", 0 0, L_0000017f775747e0;  1 drivers
v0000017f77574f60_0 .net "C_0", 0 0, L_0000017f77503320;  1 drivers
v0000017f775758c0_0 .net "S_0", 0 0, L_0000017f77502d00;  1 drivers
    .scope S_0000017f774bd630;
T_0 ;
    %vpi_call 2 14 "$dumpfile", "adder_8_bit_sim.vcd" {0 0 0};
    %vpi_call 2 15 "$dumpvars", 32'sb00000000000000000000000000000000, S_0000017f774bd630 {0 0 0};
    %vpi_call 2 17 "$display", "Checking for errors..." {0 0 0};
    %pushi/vec4 0, 0, 32;
    %store/vec4 v0000017f77575500_0, 0, 32;
    %pushi/vec4 0, 0, 8;
    %store/vec4 v0000017f775753c0_0, 0, 8;
T_0.0 ;
    %load/vec4 v0000017f775753c0_0;
    %pad/u 32;
    %cmpi/u 255, 0, 32;
    %jmp/0xz T_0.1, 5;
    %pushi/vec4 0, 0, 8;
    %store/vec4 v0000017f775749c0_0, 0, 8;
T_0.2 ;
    %load/vec4 v0000017f775749c0_0;
    %pad/u 32;
    %cmpi/u 255, 0, 32;
    %jmp/0xz T_0.3, 5;
    %delay 1000, 0;
    %load/vec4 v0000017f775756e0_0;
    %load/vec4 v0000017f775753c0_0;
    %load/vec4 v0000017f775749c0_0;
    %add;
    %cmp/ne;
    %jmp/0xz  T_0.4, 4;
    %vpi_call 2 25 "$display", "Error: %d + %d = %d", v0000017f775753c0_0, v0000017f775749c0_0, v0000017f775756e0_0 {0 0 0};
    %load/vec4 v0000017f77575500_0;
    %addi 1, 0, 32;
    %store/vec4 v0000017f77575500_0, 0, 32;
T_0.4 ;
    %load/vec4 v0000017f775749c0_0;
    %addi 1, 0, 8;
    %store/vec4 v0000017f775749c0_0, 0, 8;
    %jmp T_0.2;
T_0.3 ;
    %load/vec4 v0000017f775753c0_0;
    %addi 1, 0, 8;
    %store/vec4 v0000017f775753c0_0, 0, 8;
    %jmp T_0.0;
T_0.1 ;
    %load/vec4 v0000017f77575500_0;
    %cmpi/e 0, 0, 32;
    %jmp/0xz  T_0.6, 4;
    %vpi_call 2 32 "$display", "No errors found." {0 0 0};
    %jmp T_0.7;
T_0.6 ;
    %vpi_call 2 34 "$display", "Found %d errors.", v0000017f77575500_0 {0 0 0};
T_0.7 ;
    %end;
    .thread T_0;
# The file index is used to find the file name in the following table.
:file_names 6;
    "N/A";
    "<interactive>";
    "adder_tb.v";
    "./eightbit_adder.v";
    "./Full_Adder.v";
    "./Half_Adder.v";
