#! /c/Source/iverilog-install/bin/vvp
:ivl_version "12.0 (devel)" "(s20150603-1539-g2693dd32b)";
:ivl_delay_selection "TYPICAL";
:vpi_time_precision - 12;
:vpi_module "C:\iverilog\lib\ivl\system.vpi";
:vpi_module "C:\iverilog\lib\ivl\vhdl_sys.vpi";
:vpi_module "C:\iverilog\lib\ivl\vhdl_textio.vpi";
:vpi_module "C:\iverilog\lib\ivl\v2005_math.vpi";
:vpi_module "C:\iverilog\lib\ivl\va_math.vpi";
S_0000022ff9a36900 .scope module, "full_adder_tb" "full_adder_tb" 2 3;
 .timescale -9 -12;
v0000022ff9a34130_0 .var "a", 0 0;
v0000022ff9a341d0_0 .var "b", 0 0;
v0000022ff9a34270_0 .var "ci", 0 0;
v0000022ff9a34310_0 .net "co", 0 0, L_0000022ff9a82cf0;  1 drivers
v0000022ff9a81e20_0 .var/i "errors", 31 0;
v0000022ff9a81ba0_0 .net "sum", 0 0, L_0000022ff9a82f90;  1 drivers
S_0000022ff9a36a90 .scope module, "full_adder1" "Full_Adder" 2 7, 3 25 0, S_0000022ff9a36900;
 .timescale -9 -12;
    .port_info 0 /INPUT 1 "C_I";
    .port_info 1 /OUTPUT 1 "S_O";
    .port_info 2 /INPUT 1 "A_I";
    .port_info 3 /OUTPUT 1 "C_O";
    .port_info 4 /INPUT 1 "B_I";
L_0000022ff9a02e90 .functor XOR 1, v0000022ff9a34130_0, v0000022ff9a341d0_0, C4<0>, C4<0>;
L_0000022ff9a03060 .functor AND 1, v0000022ff9a34130_0, v0000022ff9a341d0_0, C4<1>, C4<1>;
L_0000022ff9b39e40 .functor AND 1, L_0000022ff9a02e90, v0000022ff9a34270_0, C4<1>, C4<1>;
L_0000022ff9a82f90 .functor XOR 1, L_0000022ff9a02e90, v0000022ff9a34270_0, C4<0>, C4<0>;
L_0000022ff9a82cf0 .functor OR 1, L_0000022ff9a03060, L_0000022ff9b39e40, C4<0>, C4<0>;
v0000022ff9b3a3d0_0 .net "A_I", 0 0, v0000022ff9a34130_0;  1 drivers
v0000022ff9a02950_0 .net "B_I", 0 0, v0000022ff9a341d0_0;  1 drivers
v0000022ff9a36c20_0 .net "C_I", 0 0, v0000022ff9a34270_0;  1 drivers
v0000022ff9a36cc0_0 .net "C_O", 0 0, L_0000022ff9a82cf0;  alias, 1 drivers
v0000022ff9b3bb50_0 .net "S_O", 0 0, L_0000022ff9a82f90;  alias, 1 drivers
v0000022ff9b3bbf0_0 .net "w1", 0 0, L_0000022ff9a02e90;  1 drivers
v0000022ff9b3bc90_0 .net "w2", 0 0, L_0000022ff9a03060;  1 drivers
v0000022ff9b3bd30_0 .net "w3", 0 0, L_0000022ff9b39e40;  1 drivers
    .scope S_0000022ff9a36900;
T_0 ;
    %vpi_call 2 13 "$dumpfile", "fulladder.vcd" {0 0 0};
    %vpi_call 2 14 "$dumpvars", 32'sb00000000000000000000000000000000, S_0000022ff9a36900 {0 0 0};
    %vpi_call 2 16 "$display", "Checking for errors..." {0 0 0};
    %pushi/vec4 0, 0, 32;
    %store/vec4 v0000022ff9a81e20_0, 0, 32;
    %pushi/vec4 0, 0, 1;
    %store/vec4 v0000022ff9a34130_0, 0, 1;
T_0.0 ;
    %load/vec4 v0000022ff9a34130_0;
    %pad/u 32;
    %cmpi/u 2, 0, 32;
    %jmp/0xz T_0.1, 5;
    %vpi_call 2 20 "$display", v0000022ff9a34130_0 {0 0 0};
    %load/vec4 v0000022ff9a34130_0;
    %pad/u 2;
    %addi 1, 0, 2;
    %pad/u 1;
    %store/vec4 v0000022ff9a34130_0, 0, 1;
    %jmp T_0.0;
T_0.1 ;
    %vpi_call 2 23 "$display", "Done" {0 0 0};
    %vpi_call 2 40 "$finish" {0 0 0};
    %end;
    .thread T_0;
# The file index is used to find the file name in the following table.
:file_names 4;
    "N/A";
    "<interactive>";
    "fulladder_tb.v";
    "./Full_Adder.v";
